[0m14:50:50.371042 [debug] [MainThread]: Sending event: {'category': 'dbt', 'action': 'invocation', 'label': 'start', 'context': [<snowplow_tracker.self_describing_json.SelfDescribingJson object at 0x10816a480>, <snowplow_tracker.self_describing_json.SelfDescribingJson object at 0x10888fbf0>, <snowplow_tracker.self_describing_json.SelfDescribingJson object at 0x10888ff20>]}


============================== 14:50:50.373918 | b3c0f3ba-742c-499c-a68a-dc40a7fea4de ==============================
[0m14:50:50.373918 [info ] [MainThread]: Running with dbt=1.9.2
[0m14:50:50.374234 [debug] [MainThread]: running dbt with arguments {'printer_width': '80', 'indirect_selection': 'eager', 'log_cache_events': 'False', 'write_json': 'True', 'partial_parse': 'True', 'cache_selected_only': 'False', 'profiles_dir': '/Users/victorhugopradateixeira/.dbt', 'fail_fast': 'False', 'debug': 'False', 'log_path': 'logs', 'version_check': 'True', 'warn_error': 'None', 'use_colors': 'True', 'use_experimental_parser': 'False', 'no_print': 'None', 'quiet': 'False', 'empty': 'None', 'warn_error_options': 'WarnErrorOptions(include=[], exclude=[])', 'introspect': 'True', 'log_format': 'default', 'static_parser': 'True', 'target_path': 'None', 'invocation_command': 'dbt init', 'send_anonymous_usage_stats': 'True'}
[0m14:50:50.382763 [warn ] [MainThread]: [ConfigFolderDirectory]: Unable to parse logging event dictionary. Failed to parse dir field: expected string or bytes-like object, got 'PosixPath'.. Dictionary: {'dir': PosixPath('/Users/victorhugopradateixeira/.dbt')}
[0m14:50:50.383009 [info ] [MainThread]: Creating dbt configuration folder at 
[0m14:51:24.963278 [debug] [MainThread]: Starter project path: /Users/victorhugopradateixeira/dw_commodities/.ven/lib/python3.12/site-packages/dbt/include/starter_project
[0m14:51:24.970815 [info ] [MainThread]: 
Your new dbt project "dbcommodities_a6yp" was created!

For more information on how to configure the profiles.yml file,
please consult the dbt documentation here:

  https://docs.getdbt.com/docs/configure-your-profile

One more thing:

Need help? Don't hesitate to reach out to us via GitHub issues or on Slack:

  https://community.getdbt.com/

Happy modeling!

[0m14:51:24.971198 [info ] [MainThread]: Setting up your profile.
[0m14:53:00.544955 [info ] [MainThread]: Profile dbcommodities_a6yp written to /Users/victorhugopradateixeira/.dbt/profiles.yml using target's profile_template.yml and your supplied values. Run 'dbt debug' to validate the connection.
[0m14:53:00.966069 [debug] [MainThread]: Resource report: {"command_name": "init", "command_success": true, "command_wall_clock_time": 130.67824, "process_in_blocks": "0", "process_kernel_time": 0.198884, "process_mem_max_rss": "96108544", "process_out_blocks": "0", "process_user_time": 0.784654}
[0m14:53:00.967290 [debug] [MainThread]: Command `dbt init` succeeded at 14:53:00.967000 after 130.68 seconds
[0m14:53:00.968686 [debug] [MainThread]: Sending event: {'category': 'dbt', 'action': 'invocation', 'label': 'end', 'context': [<snowplow_tracker.self_describing_json.SelfDescribingJson object at 0x10801f470>, <snowplow_tracker.self_describing_json.SelfDescribingJson object at 0x10875a1b0>, <snowplow_tracker.self_describing_json.SelfDescribingJson object at 0x108525b20>]}
[0m14:53:00.969524 [debug] [MainThread]: Flushing usage events
[0m14:53:01.597514 [debug] [MainThread]: An error was encountered while trying to flush usage events
